<?xml version="1.0" encoding="UTF-8"?>
<testsuite name="hansung.popupstore.PopupstoreApplicationTests" tests="1" skipped="0" failures="0" errors="0" timestamp="2024-09-02T09:43:21" hostname="MacBook-Air-3.local" time="0.302">
  <properties/>
  <testcase name="contextLoads()" classname="hansung.popupstore.PopupstoreApplicationTests" time="0.302"/>
  <system-out><![CDATA[Standard Commons Logging discovery in action with spring-jcl: please remove commons-logging.jar from classpath in order to avoid potential conflicts
18:43:18.714 [Test worker] INFO org.springframework.test.context.support.AnnotationConfigContextLoaderUtils -- Could not detect default configuration classes for test class [hansung.popupstore.PopupstoreApplicationTests]: PopupstoreApplicationTests does not declare any static, non-private, non-final, nested classes annotated with @Configuration.
18:43:18.760 [Test worker] INFO org.springframework.boot.test.context.SpringBootTestContextBootstrapper -- Found @SpringBootConfiguration hansung.popupstore.PopupstoreApplication for test class hansung.popupstore.PopupstoreApplicationTests

  .   ____          _            __ _ _
 /\\ / ___'_ __ _ _(_)_ __  __ _ \ \ \ \
( ( )\___ | '_ | '_| | '_ \/ _` | \ \ \ \
 \\/  ___)| |_)| | | | | || (_| |  ) ) ) )
  '  |____| .__|_| |_|_| |_\__, | / / / /
 =========|_|==============|___/=/_/_/_/

 :: Spring Boot ::                (v3.3.1)

2024-09-02T18:43:18.898+09:00  INFO 45361 --- [popupstore] [    Test worker] h.popupstore.PopupstoreApplicationTests  : Starting PopupstoreApplicationTests using Java 17.0.11 with PID 45361 (started by park in /Users/park/Desktop/aa/backend)
2024-09-02T18:43:18.899+09:00  INFO 45361 --- [popupstore] [    Test worker] h.popupstore.PopupstoreApplicationTests  : No active profile set, falling back to 1 default profile: "default"
2024-09-02T18:43:19.255+09:00  INFO 45361 --- [popupstore] [    Test worker] .s.d.r.c.RepositoryConfigurationDelegate : Bootstrapping Spring Data JPA repositories in DEFAULT mode.
2024-09-02T18:43:19.292+09:00  INFO 45361 --- [popupstore] [    Test worker] .s.d.r.c.RepositoryConfigurationDelegate : Finished Spring Data repository scanning in 34 ms. Found 12 JPA repository interfaces.
2024-09-02T18:43:19.504+09:00  INFO 45361 --- [popupstore] [    Test worker] o.hibernate.jpa.internal.util.LogHelper  : HHH000204: Processing PersistenceUnitInfo [name: default]
2024-09-02T18:43:19.521+09:00  INFO 45361 --- [popupstore] [    Test worker] org.hibernate.Version                    : HHH000412: Hibernate ORM core version 6.5.2.Final
2024-09-02T18:43:19.532+09:00  INFO 45361 --- [popupstore] [    Test worker] o.h.c.internal.RegionFactoryInitiator    : HHH000026: Second-level cache disabled
2024-09-02T18:43:19.637+09:00  INFO 45361 --- [popupstore] [    Test worker] o.s.o.j.p.SpringPersistenceUnitInfo      : No LoadTimeWeaver setup: ignoring JPA class transformer
2024-09-02T18:43:19.647+09:00  INFO 45361 --- [popupstore] [    Test worker] com.zaxxer.hikari.HikariDataSource       : HikariPool-1 - Starting...
2024-09-02T18:43:19.836+09:00  INFO 45361 --- [popupstore] [    Test worker] com.zaxxer.hikari.pool.HikariPool        : HikariPool-1 - Added connection com.mysql.cj.jdbc.ConnectionImpl@4ac0ed65
2024-09-02T18:43:19.837+09:00  INFO 45361 --- [popupstore] [    Test worker] com.zaxxer.hikari.HikariDataSource       : HikariPool-1 - Start completed.
2024-09-02T18:43:19.869+09:00  WARN 45361 --- [popupstore] [    Test worker] org.hibernate.orm.deprecation            : HHH90000025: MySQL8Dialect does not need to be specified explicitly using 'hibernate.dialect' (remove the property setting and it will be selected by default)
2024-09-02T18:43:19.870+09:00  WARN 45361 --- [popupstore] [    Test worker] org.hibernate.orm.deprecation            : HHH90000026: MySQL8Dialect has been deprecated; use org.hibernate.dialect.MySQLDialect instead
2024-09-02T18:43:20.354+09:00  INFO 45361 --- [popupstore] [    Test worker] o.h.e.t.j.p.i.JtaPlatformInitiator       : HHH000489: No JTA platform available (set 'hibernate.transaction.jta.platform' to enable JTA platform integration)
Hibernate: 
    alter table popup_store 
       modify column description TEXT
2024-09-02T18:43:20.475+09:00  INFO 45361 --- [popupstore] [    Test worker] j.LocalContainerEntityManagerFactoryBean : Initialized JPA EntityManagerFactory for persistence unit 'default'
2024-09-02T18:43:20.624+09:00  INFO 45361 --- [popupstore] [    Test worker] o.s.d.j.r.query.QueryEnhancerFactory     : Hibernate is in classpath; If applicable, HQL parser will be used.
Hibernate: 
    select
        r1_0.id,
        r1_0.name,
        r1_0.role 
    from
        role r1_0 
    where
        r1_0.role=?
Hibernate: 
    select
        r1_0.id,
        r1_0.name,
        r1_0.role 
    from
        role r1_0 
    where
        r1_0.role=?
Hibernate: 
    select
        r1_0.id,
        r1_0.name,
        r1_0.role 
    from
        role r1_0 
    where
        r1_0.role=?
2024-09-02T18:43:20.919+09:00  WARN 45361 --- [popupstore] [    Test worker] JpaBaseConfiguration$JpaWebConfiguration : spring.jpa.open-in-view is enabled by default. Therefore, database queries may be performed during view rendering. Explicitly configure spring.jpa.open-in-view to disable this warning
2024-09-02T18:43:20.925+09:00 DEBUG 45361 --- [popupstore] [    Test worker] swordEncoderAuthenticationManagerBuilder : No authenticationProviders and no parentAuthenticationManager defined. Returning null.
2024-09-02T18:43:21.029+09:00 DEBUG 45361 --- [popupstore] [    Test worker] o.s.s.web.DefaultSecurityFilterChain     : Will secure any request with filters: DisableEncodeUrlFilter, WebAsyncManagerIntegrationFilter, SecurityContextHolderFilter, HeaderWriterFilter, CorsFilter, LogoutFilter, JwtAuthenticationFilter, RequestCacheAwareFilter, SecurityContextHolderAwareRequestFilter, AnonymousAuthenticationFilter, ExceptionTranslationFilter, AuthorizationFilter
2024-09-02T18:43:21.132+09:00  WARN 45361 --- [popupstore] [    Test worker] ion$DefaultTemplateResolverConfiguration : Cannot find template location: classpath:/templates/ (please add some templates, check your Thymeleaf configuration, or set spring.thymeleaf.check-template-location=false)
2024-09-02T18:43:21.229+09:00  INFO 45361 --- [popupstore] [    Test worker] h.popupstore.PopupstoreApplicationTests  : Started PopupstoreApplicationTests in 2.374 seconds (process running for 3.072)
Hibernate: 
    select
        count(*) 
    from
        category c1_0
]]></system-out>
  <system-err><![CDATA[]]></system-err>
</testsuite>
