<?xml version="1.0" encoding="UTF-8"?>
<testsuite name="hansung.popupstore.PopupstoreApplicationTests" tests="1" skipped="0" failures="0" errors="0" timestamp="2024-07-26T06:53:45" hostname="MacBook-Air-3.local" time="0.258">
  <properties/>
  <testcase name="contextLoads()" classname="hansung.popupstore.PopupstoreApplicationTests" time="0.258"/>
  <system-out><![CDATA[Standard Commons Logging discovery in action with spring-jcl: please remove commons-logging.jar from classpath in order to avoid potential conflicts
15:53:43.075 [Test worker] INFO org.springframework.test.context.support.AnnotationConfigContextLoaderUtils -- Could not detect default configuration classes for test class [hansung.popupstore.PopupstoreApplicationTests]: PopupstoreApplicationTests does not declare any static, non-private, non-final, nested classes annotated with @Configuration.
15:53:43.113 [Test worker] INFO org.springframework.boot.test.context.SpringBootTestContextBootstrapper -- Found @SpringBootConfiguration hansung.popupstore.PopupstoreApplication for test class hansung.popupstore.PopupstoreApplicationTests

  .   ____          _            __ _ _
 /\\ / ___'_ __ _ _(_)_ __  __ _ \ \ \ \
( ( )\___ | '_ | '_| | '_ \/ _` | \ \ \ \
 \\/  ___)| |_)| | | | | || (_| |  ) ) ) )
  '  |____| .__|_| |_|_| |_\__, | / / / /
 =========|_|==============|___/=/_/_/_/

 :: Spring Boot ::                (v3.3.1)

2024-07-26T15:53:43.244+09:00  INFO 33379 --- [popupstore] [    Test worker] h.popupstore.PopupstoreApplicationTests  : Starting PopupstoreApplicationTests using Java 17.0.11 with PID 33379 (started by park in /Users/park/Desktop/git2/backend)
2024-07-26T15:53:43.244+09:00  INFO 33379 --- [popupstore] [    Test worker] h.popupstore.PopupstoreApplicationTests  : No active profile set, falling back to 1 default profile: "default"
2024-07-26T15:53:43.557+09:00  INFO 33379 --- [popupstore] [    Test worker] .s.d.r.c.RepositoryConfigurationDelegate : Bootstrapping Spring Data JPA repositories in DEFAULT mode.
2024-07-26T15:53:43.581+09:00  INFO 33379 --- [popupstore] [    Test worker] .s.d.r.c.RepositoryConfigurationDelegate : Finished Spring Data repository scanning in 22 ms. Found 7 JPA repository interfaces.
2024-07-26T15:53:43.736+09:00  INFO 33379 --- [popupstore] [    Test worker] com.zaxxer.hikari.HikariDataSource       : HikariPool-1 - Starting...
2024-07-26T15:53:43.883+09:00  INFO 33379 --- [popupstore] [    Test worker] com.zaxxer.hikari.pool.HikariPool        : HikariPool-1 - Added connection com.mysql.cj.jdbc.ConnectionImpl@1377b1a0
2024-07-26T15:53:43.884+09:00  INFO 33379 --- [popupstore] [    Test worker] com.zaxxer.hikari.HikariDataSource       : HikariPool-1 - Start completed.
2024-07-26T15:53:43.918+09:00  INFO 33379 --- [popupstore] [    Test worker] o.hibernate.jpa.internal.util.LogHelper  : HHH000204: Processing PersistenceUnitInfo [name: default]
2024-07-26T15:53:43.936+09:00  INFO 33379 --- [popupstore] [    Test worker] org.hibernate.Version                    : HHH000412: Hibernate ORM core version 6.5.2.Final
2024-07-26T15:53:43.947+09:00  INFO 33379 --- [popupstore] [    Test worker] o.h.c.internal.RegionFactoryInitiator    : HHH000026: Second-level cache disabled
2024-07-26T15:53:44.060+09:00  INFO 33379 --- [popupstore] [    Test worker] o.s.o.j.p.SpringPersistenceUnitInfo      : No LoadTimeWeaver setup: ignoring JPA class transformer
2024-07-26T15:53:44.088+09:00  WARN 33379 --- [popupstore] [    Test worker] org.hibernate.orm.deprecation            : HHH90000025: MySQL8Dialect does not need to be specified explicitly using 'hibernate.dialect' (remove the property setting and it will be selected by default)
2024-07-26T15:53:44.089+09:00  WARN 33379 --- [popupstore] [    Test worker] org.hibernate.orm.deprecation            : HHH90000026: MySQL8Dialect has been deprecated; use org.hibernate.dialect.MySQLDialect instead
2024-07-26T15:53:44.498+09:00  INFO 33379 --- [popupstore] [    Test worker] o.h.e.t.j.p.i.JtaPlatformInitiator       : HHH000489: No JTA platform available (set 'hibernate.transaction.jta.platform' to enable JTA platform integration)
2024-07-26T15:53:44.572+09:00  INFO 33379 --- [popupstore] [    Test worker] j.LocalContainerEntityManagerFactoryBean : Initialized JPA EntityManagerFactory for persistence unit 'default'
Hibernate: 
    select
        r1_0.id,
        r1_0.name,
        r1_0.role 
    from
        role r1_0 
    where
        r1_0.role=?
Hibernate: 
    select
        r1_0.id,
        r1_0.name,
        r1_0.role 
    from
        role r1_0 
    where
        r1_0.role=?
Hibernate: 
    select
        r1_0.id,
        r1_0.name,
        r1_0.role 
    from
        role r1_0 
    where
        r1_0.role=?
2024-07-26T15:53:44.842+09:00  WARN 33379 --- [popupstore] [    Test worker] JpaBaseConfiguration$JpaWebConfiguration : spring.jpa.open-in-view is enabled by default. Therefore, database queries may be performed during view rendering. Explicitly configure spring.jpa.open-in-view to disable this warning
2024-07-26T15:53:45.107+09:00  INFO 33379 --- [popupstore] [    Test worker] h.popupstore.PopupstoreApplicationTests  : Started PopupstoreApplicationTests in 1.939 seconds (process running for 2.365)
]]></system-out>
  <system-err><![CDATA[]]></system-err>
</testsuite>
